
 <<<<<<<<<<<<<<<<<<<<<<<<<<<<<<<<<<<<<<<<<<<<<<<<<<<<<<<<<<<<<<<<<<
 <<                END OF DISLIN / VERSION 11.5.2                <<
 <<  Date    : 16.05.2026  Time    : 01:29:04  Pageformat: PAGE  <<
 <<  Vectors : 6593        Warnings: 0         Fileformat:  PNG  <<
 <<  Metafile: /home/yifeng/packages/mu3e_ip_dev/mu3e-ip-cores/  <<
 <<<<<<<<<<<<<<<<<<<<<<<<<<<<<<<<<<<<<<<<<<<<<<<<<<<<<<<<<<<<<<<<<<


 <<<<<<<<<<<<<<<<<<<<<<<<<<<<<<<<<<<<<<<<<<<<<<<<<<<<<<<<<<<<<<<<<<
 <<                END OF DISLIN / VERSION 11.5.2                <<
 <<  Date    : 16.05.2026  Time    : 01:29:04  Pageformat: PAGE  <<
 <<  Vectors : 4185        Warnings: 0         Fileformat:  PNG  <<
 <<  Metafile: /home/yifeng/packages/mu3e_ip_dev/mu3e-ip-cores/  <<
 <<<<<<<<<<<<<<<<<<<<<<<<<<<<<<<<<<<<<<<<<<<<<<<<<<<<<<<<<<<<<<<<<<


 <<<<<<<<<<<<<<<<<<<<<<<<<<<<<<<<<<<<<<<<<<<<<<<<<<<<<<<<<<<<<<<<<<
 <<                END OF DISLIN / VERSION 11.5.2                <<
 <<  Date    : 16.05.2026  Time    : 01:29:04  Pageformat: PAGE  <<
 <<  Vectors : 6478        Warnings: 0         Fileformat:  PNG  <<
 <<  Metafile: /home/yifeng/packages/mu3e_ip_dev/mu3e-ip-cores/  <<
 <<<<<<<<<<<<<<<<<<<<<<<<<<<<<<<<<<<<<<<<<<<<<<<<<<<<<<<<<<<<<<<<<<


 <<<<<<<<<<<<<<<<<<<<<<<<<<<<<<<<<<<<<<<<<<<<<<<<<<<<<<<<<<<<<<<<<<
 <<                END OF DISLIN / VERSION 11.5.2                <<
 <<  Date    : 16.05.2026  Time    : 01:29:04  Pageformat: PAGE  <<
 <<  Vectors : 4324        Warnings: 0         Fileformat:  PNG  <<
 <<  Metafile: /home/yifeng/packages/mu3e_ip_dev/mu3e-ip-cores/  <<
 <<<<<<<<<<<<<<<<<<<<<<<<<<<<<<<<<<<<<<<<<<<<<<<<<<<<<<<<<<<<<<<<<<
