Reading pref.tcl

# 2026.1_1

# ** Note: (vsim-220) 'modelsim.ini' is used as the ini file.
# vsim -ini modelsim.ini -c -work work tb_coalescing_queue_trace -do "run -all; quit -f" -gOUT_FILE_G=/home/yifeng/packages/mu3e_ip_dev/mu3e-ip-cores/histogram_statistics/model/artifacts/queue_trace_observed_rtl.csv -gSTIM_FILE_G=/home/yifeng/packages/mu3e_ip_dev/mu3e-ip-cores/histogram_statistics/model/artifacts/queue_trace_stimulus.csv -gQUEUE_DEPTH_G=160
# Start time: 23:37:39 on Apr 25,2026
# ** Note: (vsim-3812) Design is being optimized...
# ** Note: (vopt-220) 'modelsim.ini' is used as the ini file.
# //  Questa Sim-64
# //  Version 2026.1_1 linux_x86_64 Mar  2 2026
# //
# // Unpublished work. Copyright 2026 Siemens
# //
# // This material contains trade secrets or otherwise confidential information
# // owned by Siemens Industry Software Inc. or its affiliates (collectively,
# // "SISW"), or its licensors. Access to and use of this information is strictly
# // limited as set forth in the Customer's applicable agreements with SISW.
# //
# // This material may not be copied, distributed, or otherwise disclosed outside
# // of the Customer's facilities without the express written permission of SISW,
# // and may not be used in any way not expressly authorized by SISW.
# //
# Loading std.standard
# Loading std.textio(body)
# Loading ieee.std_logic_1164(body)
# Loading ieee.numeric_std(body)
# Loading std.env(body)
# Loading work.histogram_statistics_v2_pkg(body)
# Loading work.tb_coalescing_queue_trace(sim)#1
# Loading work.coalescing_queue(rtl)#1
# run -all
# End time: 23:37:39 on Apr 25,2026, Elapsed time: 0:00:00
# Errors: 0, Warnings: 0
