Questa Intel FPGA Edition-64 vopt 2022.4 Compiler 2022.10 Oct 18 2022
Start time: 11:20:13 on Apr 12,2026
vopt -work work_lint -check_synthesis histogram_statistics_v2 -o histogram_statistics_v2_opt 

Top level modules:
	histogram_statistics_v2

Analyzing design...
-- Loading package STANDARD
-- Loading package TEXTIO
-- Loading package std_logic_1164
-- Loading package NUMERIC_STD
-- Loading package histogram_statistics_v2_pkg
-- Loading entity histogram_statistics_v2
-- Loading architecture rtl of histogram_statistics_v2
-- Loading entity hit_fifo
-- Loading entity rr_arbiter
-- Loading entity bin_divider
-- Loading entity coalescing_queue
-- Loading entity pingpong_sram
-- Loading package body histogram_statistics_v2_pkg
-- Loading architecture rtl of rr_arbiter
-- Loading architecture rtl of bin_divider
-- Loading architecture rtl of coalescing_queue
-- Loading architecture rtl of pingpong_sram
-- Loading entity true_dual_port_ram_single_clock
-- Loading architecture rtl of true_dual_port_ram_single_clock
-- Loading architecture rtl of hit_fifo
Optimizing 9 design-units (inlining 10/15 architecture instances):
-- Optimizing architecture rtl of coalescing_queue
-- Inlining architecture rtl of hit_fifo
-- Optimizing architecture rtl of histogram_statistics_v2
-- Inlining architecture rtl of true_dual_port_ram_single_clock
-- Optimizing architecture rtl of pingpong_sram
-- Optimizing architecture rtl of bin_divider
-- Optimizing architecture rtl of rr_arbiter
-- Optimizing package histogram_statistics_v2_pkg
-- Optimizing package body histogram_statistics_v2_pkg
Optimized design name is histogram_statistics_v2_opt
End time: 11:20:14 on Apr 12,2026, Elapsed time: 0:00:01
Errors: 0, Warnings: 0
